<?xml version="1.0" encoding="UTF-8"?>
<!-- Generated by org.testng.reporters.JUnitXMLReporter -->
<testsuite ignored="0" hostname="DESKTOP-NHOH0GL" failures="1" tests="1" name="Test_chomeTest1" time="0.038" errors="0" timestamp="2024-11-17T13:45:51 IST">
  <testcase classname="multibrowser.paraleltesting" name="TestCase" time="0.0">
    <failure type="org.testng.TestNGException" message="
Cannot inject @Test annotated Method [TestCase] with [class java.lang.String].
For more information on native dependency injection please refer to https://testng.org/doc/documentation-main.html#native-dependency-injection">
      <![CDATA[org.testng.TestNGException: 
Cannot inject @Test annotated Method [TestCase] with [class java.lang.String].
For more information on native dependency injection please refer to https://testng.org/doc/documentation-main.html#native-dependency-injection
at java.base/java.util.ArrayList.forEach(ArrayList.java:1596)
... Removed 26 stack frames]]>
    </failure>
  </testcase> <!-- TestCase -->
</testsuite> <!-- Test_chomeTest1 -->
