<?xml version="1.0" encoding="UTF-8"?>
<!-- Generated by org.testng.reporters.JUnitXMLReporter -->
<testsuite ignored="2" hostname="DESKTOP-NHOH0GL" failures="2" tests="2" name="Test(failed)(failed)(failed)" time="0.067" errors="0" timestamp="2024-11-16T19:27:05 IST">
  <testcase classname="Failed.xml.Ex_sample1" name="Tc2" time="0.014">
    <failure type="graphql.AssertException" message="condition expected to be false">
      <![CDATA[graphql.AssertException: condition expected to be false
at graphql.Assert.assertFalse(Assert.java:99)
at Failed.xml.Ex_sample1.Tc2(Ex_sample1.java:15)
at java.base/java.util.ArrayList.forEach(ArrayList.java:1596)
... Removed 25 stack frames]]>
    </failure>
  </testcase> <!-- Tc2 -->
  <testcase classname="Failed.xml.Ex_sample1" name="Tc3" time="0.004">
    <failure type="graphql.AssertException" message="condition expected to be true">
      <![CDATA[graphql.AssertException: condition expected to be true
at graphql.Assert.assertTrue(Assert.java:85)
at Failed.xml.Ex_sample1.Tc3(Ex_sample1.java:20)
at java.base/java.util.ArrayList.forEach(ArrayList.java:1596)
... Removed 25 stack frames]]>
    </failure>
  </testcase> <!-- Tc3 -->
  <testcase classname="Failed.xml.Ex_sample1" name="Tc4" time="0.0">
    <ignored/>
  </testcase> <!-- Tc4 -->
  <testcase classname="Failed.xml.Ex_sample1" name="Tc1" time="0.0">
    <ignored/>
  </testcase> <!-- Tc1 -->
</testsuite> <!-- Test(failed)(failed)(failed) -->
