<?xml version="1.0" encoding="UTF-8"?>
<!-- Generated by org.testng.reporters.JUnitXMLReporter -->
<testsuite ignored="0" hostname="DESKTOP-NHOH0GL" failures="1" tests="1" name="Test1" time="0.057" errors="0" timestamp="2024-11-17T15:31:21 IST">
  <testcase classname="multibrowserTesing.multibrowser" name="loginApp" time="0.0">
    <failure type="org.testng.TestNGException" message="
Parameter &amp;apos;browserName&amp;apos; is required by @Test on method loginApp but has not been marked @Optional or defined
in C:\Users\Dell\eclipse-workspace\frameworkAPI\multibrowsertestng.xml">
      <![CDATA[org.testng.TestNGException: 
Parameter 'browserName' is required by @Test on method loginApp but has not been marked @Optional or defined
in C:\Users\Dell\eclipse-workspace\frameworkAPI\multibrowsertestng.xml
at java.base/java.util.ArrayList.forEach(ArrayList.java:1596)
... Removed 26 stack frames]]>
    </failure>
  </testcase> <!-- loginApp -->
</testsuite> <!-- Test1 -->
